1540354369.521561 client started (3410): version 2.6, socket /tmp/tmux-0/default, protocol 8
1540354369.521716 on Linux 4.4.0-17134-Microsoft #345-Microsoft Wed Sep 19 17:47:00 PST 2018; libevent 2.1.8-stable (poll)
1540354369.521797 socket is /tmp/tmux-0/default
1540354369.521844 trying connect
1540354369.521923 connect failed: No such file or directory
1540354369.521971 lock file is /tmp/tmux-0/default.lock
1540354369.522568 flock succeeded
1540354369.522627 got lock (6)
1540354369.522940 trying connect
1540354369.522977 connect failed: No such file or directory
1540354369.525604 add peer 0x7fffe09f5bb0: 7 ((nil))
1540354369.525821 sending message 100 to peer 0x7fffe09f5bb0 (4 bytes)
1540354369.525844 sending message 101 to peer 0x7fffe09f5bb0 (15 bytes)
1540354369.525862 sending message 102 to peer 0x7fffe09f5bb0 (10 bytes)
1540354369.525875 sending message 108 to peer 0x7fffe09f5bb0 (12 bytes)
1540354369.525891 sending message 104 to peer 0x7fffe09f5bb0 (0 bytes)
1540354369.525909 sending message 107 to peer 0x7fffe09f5bb0 (4 bytes)
1540354369.525923 sending message 105 to peer 0x7fffe09f5bb0 (1516 bytes)
1540354369.525949 sending message 105 to peer 0x7fffe09f5bb0 (16 bytes)
1540354369.525965 sending message 105 to peer 0x7fffe09f5bb0 (34 bytes)
1540354369.525978 sending message 105 to peer 0x7fffe09f5bb0 (13 bytes)
1540354369.525991 sending message 105 to peer 0x7fffe09f5bb0 (10 bytes)
1540354369.526004 sending message 105 to peer 0x7fffe09f5bb0 (16 bytes)
1540354369.526018 sending message 105 to peer 0x7fffe09f5bb0 (11 bytes)
1540354369.526036 sending message 105 to peer 0x7fffe09f5bb0 (21 bytes)
1540354369.526050 sending message 105 to peer 0x7fffe09f5bb0 (65 bytes)
1540354369.526063 sending message 105 to peer 0x7fffe09f5bb0 (16 bytes)
1540354369.526079 sending message 105 to peer 0x7fffe09f5bb0 (20 bytes)
1540354369.526092 sending message 105 to peer 0x7fffe09f5bb0 (8 bytes)
1540354369.526107 sending message 105 to peer 0x7fffe09f5bb0 (13 bytes)
1540354369.526120 sending message 105 to peer 0x7fffe09f5bb0 (797 bytes)
1540354369.526135 sending message 105 to peer 0x7fffe09f5bb0 (32 bytes)
1540354369.526148 sending message 105 to peer 0x7fffe09f5bb0 (16 bytes)
1540354369.526164 sending message 105 to peer 0x7fffe09f5bb0 (13 bytes)
1540354369.526179 sending message 105 to peer 0x7fffe09f5bb0 (16 bytes)
1540354369.526194 sending message 106 to peer 0x7fffe09f5bb0 (0 bytes)
1540354369.526216 sending message 200 to peer 0x7fffe09f5bb0 (4 bytes)
1540354369.526233 client loop enter
1540354369.727684 peer 0x7fffe09f5bb0 message 207
1540354369.727748 sending message 208 to peer 0x7fffe09f5bb0 (0 bytes)
1540354671.467547 peer 0x7fffe09f5bb0 message 203
1540354671.467725 sending message 205 to peer 0x7fffe09f5bb0 (0 bytes)
1540354671.471435 peer 0x7fffe09f5bb0 message 204
1540354671.471506 client loop exit
